<?xml version="1.0" encoding="UTF-8"?>
<testng-results skipped="0" failed="0" ignored="0" total="1" passed="1">
  <reporter-output>
  </reporter-output>
  <suite name="Default suite" duration-ms="85" started-at="2017-05-27T14:44:20Z" finished-at="2017-05-27T14:44:20Z">
    <groups>
    </groups>
    <test name="Default test" duration-ms="85" started-at="2017-05-27T14:44:20Z" finished-at="2017-05-27T14:44:20Z">
      <class name="SampleTest">
        <test-method status="PASS" signature="f()[pri:0, instance:SampleTest@4590c9c3]" name="f" duration-ms="21" started-at="2017-05-27T20:14:20Z" finished-at="2017-05-27T20:14:20Z">
          <reporter-output>
          </reporter-output>
        </test-method> <!-- f -->
      </class> <!-- SampleTest -->
    </test> <!-- Default test -->
  </suite> <!-- Default suite -->
</testng-results>
